This is pdfTeX, Version 3.1415926-2.3-1.40.12 (TeX Live 2011) (format=pdflatex 2011.7.3)  12 APR 2012 23:35
entering extended mode
 restricted \write18 enabled.
 file:line:error style messages enabled.
 %&-line parsing enabled.
**ProcessReport.tex
(./ProcessReport.tex
LaTeX2e <2009/09/24>
Babel <v3.8l> and hyphenation patterns for english, dumylang, nohyphenation, ge
rman-x-2009-06-19, ngerman-x-2009-06-19, afrikaans, ancientgreek, ibycus, arabi
c, armenian, basque, bulgarian, catalan, pinyin, coptic, croatian, czech, danis
h, dutch, ukenglish, usenglishmax, esperanto, estonian, ethiopic, farsi, finnis
h, french, galician, german, ngerman, swissgerman, monogreek, greek, hungarian,
 icelandic, assamese, bengali, gujarati, hindi, kannada, malayalam, marathi, or
iya, panjabi, tamil, telugu, indonesian, interlingua, irish, italian, kurmanji,
 lao, latin, latvian, lithuanian, mongolian, mongolianlmc, bokmal, nynorsk, pol
ish, portuguese, romanian, russian, sanskrit, serbian, serbianc, slovak, sloven
ian, spanish, swedish, turkish, turkmen, ukrainian, uppersorbian, welsh, loaded
.
(/usr/local/texlive/2011/texmf-dist/tex/latex/base/report.cls
Document Class: report 2007/10/19 v1.4h Standard LaTeX document class
(/usr/local/texlive/2011/texmf-dist/tex/latex/base/size10.clo
File: size10.clo 2007/10/19 v1.4h Standard LaTeX file (size option)
)
\c@part=\count79
\c@chapter=\count80
\c@section=\count81
\c@subsection=\count82
\c@subsubsection=\count83
\c@paragraph=\count84
\c@subparagraph=\count85
\c@figure=\count86
\c@table=\count87
\abovecaptionskip=\skip41
\belowcaptionskip=\skip42
\bibindent=\dimen102
)
(/usr/local/texlive/2011/texmf-dist/tex/latex/amsmath/amsmath.sty
Package: amsmath 2000/07/18 v2.13 AMS math features
\@mathmargin=\skip43

For additional information on amsmath, use the `?' option.
(/usr/local/texlive/2011/texmf-dist/tex/latex/amsmath/amstext.sty
Package: amstext 2000/06/29 v2.01

(/usr/local/texlive/2011/texmf-dist/tex/latex/amsmath/amsgen.sty
File: amsgen.sty 1999/11/30 v2.0
\@emptytoks=\toks14
\ex@=\dimen103
))
(/usr/local/texlive/2011/texmf-dist/tex/latex/amsmath/amsbsy.sty
Package: amsbsy 1999/11/29 v1.2d
\pmbraise@=\dimen104
)
(/usr/local/texlive/2011/texmf-dist/tex/latex/amsmath/amsopn.sty
Package: amsopn 1999/12/14 v2.01 operator names
)
\inf@bad=\count88
LaTeX Info: Redefining \frac on input line 211.
\uproot@=\count89
\leftroot@=\count90
LaTeX Info: Redefining \overline on input line 307.
\classnum@=\count91
\DOTSCASE@=\count92
LaTeX Info: Redefining \ldots on input line 379.
LaTeX Info: Redefining \dots on input line 382.
LaTeX Info: Redefining \cdots on input line 467.
\Mathstrutbox@=\box26
\strutbox@=\box27
\big@size=\dimen105
LaTeX Font Info:    Redeclaring font encoding OML on input line 567.
LaTeX Font Info:    Redeclaring font encoding OMS on input line 568.
\macc@depth=\count93
\c@MaxMatrixCols=\count94
\dotsspace@=\muskip10
\c@parentequation=\count95
\dspbrk@lvl=\count96
\tag@help=\toks15
\row@=\count97
\column@=\count98
\maxfields@=\count99
\andhelp@=\toks16
\eqnshift@=\dimen106
\alignsep@=\dimen107
\tagshift@=\dimen108
\tagwidth@=\dimen109
\totwidth@=\dimen110
\lineht@=\dimen111
\@envbody=\toks17
\multlinegap=\skip44
\multlinetaggap=\skip45
\mathdisplay@stack=\toks18
LaTeX Info: Redefining \[ on input line 2666.
LaTeX Info: Redefining \] on input line 2667.
)
(/usr/local/texlive/2011/texmf-dist/tex/latex/amsfonts/amssymb.sty
Package: amssymb 2009/06/22 v3.00

(/usr/local/texlive/2011/texmf-dist/tex/latex/amsfonts/amsfonts.sty
Package: amsfonts 2009/06/22 v3.00 Basic AMSFonts support
\symAMSa=\mathgroup4
\symAMSb=\mathgroup5
LaTeX Font Info:    Overwriting math alphabet `\mathfrak' in version `bold'
(Font)                  U/euf/m/n --> U/euf/b/n on input line 96.
))
(/usr/local/texlive/2011/texmf-dist/tex/generic/babel/babel.sty
Package: babel 2008/07/06 v3.8l The Babel package

(/usr/local/texlive/2011/texmf-dist/tex/generic/babel/english.ldf
Language: english 2005/03/30 v3.3o English support from the babel system

(/usr/local/texlive/2011/texmf-dist/tex/generic/babel/babel.def
File: babel.def 2008/07/06 v3.8l Babel common definitions
\babel@savecnt=\count100
\U@D=\dimen112
)
\l@canadian = a dialect from \language\l@american 
\l@australian = a dialect from \language\l@british 
\l@newzealand = a dialect from \language\l@british 
))
(/usr/local/texlive/2011/texmf-dist/tex/latex/fancyhdr/fancyhdr.sty
\fancy@headwidth=\skip46
\f@ncyO@elh=\skip47
\f@ncyO@erh=\skip48
\f@ncyO@olh=\skip49
\f@ncyO@orh=\skip50
\f@ncyO@elf=\skip51
\f@ncyO@erf=\skip52
\f@ncyO@olf=\skip53
\f@ncyO@orf=\skip54
)
(/usr/local/texlive/2011/texmf-dist/tex/latex/multirow/multirow.sty
\bigstrutjot=\dimen113
)
(/usr/local/texlive/2011/texmf-dist/tex/latex/graphics/graphicx.sty
Package: graphicx 1999/02/16 v1.0f Enhanced LaTeX Graphics (DPC,SPQR)

(/usr/local/texlive/2011/texmf-dist/tex/latex/graphics/keyval.sty
Package: keyval 1999/03/16 v1.13 key=value parser (DPC)
\KV@toks@=\toks19
)
(/usr/local/texlive/2011/texmf-dist/tex/latex/graphics/graphics.sty
Package: graphics 2009/02/05 v1.0o Standard LaTeX Graphics (DPC,SPQR)

(/usr/local/texlive/2011/texmf-dist/tex/latex/graphics/trig.sty
Package: trig 1999/03/16 v1.09 sin cos tan (DPC)
)
(/usr/local/texlive/2011/texmf-dist/tex/latex/latexconfig/graphics.cfg
File: graphics.cfg 2010/04/23 v1.9 graphics configuration of TeX Live
)
Package graphics Info: Driver file: pdftex.def on input line 91.

(/usr/local/texlive/2011/texmf-dist/tex/latex/pdftex-def/pdftex.def
File: pdftex.def 2011/05/27 v0.06d Graphics/color for pdfTeX

(/usr/local/texlive/2011/texmf-dist/tex/generic/oberdiek/infwarerr.sty
Package: infwarerr 2010/04/08 v1.3 Providing info/warning/message (HO)
)
(/usr/local/texlive/2011/texmf-dist/tex/generic/oberdiek/ltxcmds.sty
Package: ltxcmds 2011/04/18 v1.20 LaTeX kernel commands for general use (HO)
)
\Gread@gobject=\count101
))
\Gin@req@height=\dimen114
\Gin@req@width=\dimen115
)
(/usr/local/texlive/2011/texmf-dist/tex/latex/listings/listings.sty
\lst@mode=\count102
\lst@gtempboxa=\box28
\lst@token=\toks20
\lst@length=\count103
\lst@currlwidth=\dimen116
\lst@column=\count104
\lst@pos=\count105
\lst@lostspace=\dimen117
\lst@width=\dimen118
\lst@newlines=\count106
\lst@lineno=\count107
\lst@maxwidth=\dimen119

(/usr/local/texlive/2011/texmf-dist/tex/latex/listings/lstmisc.sty
File: lstmisc.sty 2007/02/22 1.4 (Carsten Heinz)
\c@lstnumber=\count108
\lst@skipnumbers=\count109
\lst@framebox=\box29
)
(/usr/local/texlive/2011/texmf-dist/tex/latex/listings/listings.cfg
File: listings.cfg 2007/02/22 1.4 listings configuration
))
Package: listings 2007/02/22 1.4 (Carsten Heinz)

(/usr/local/texlive/2011/texmf-dist/tex/latex/pdfpages/pdfpages.sty
Package: pdfpages 2011/03/10 v0.4n Insert pages of external PDF documents (AM)

(/usr/local/texlive/2011/texmf-dist/tex/latex/base/ifthen.sty
Package: ifthen 2001/05/26 v1.1c Standard LaTeX ifthen package (DPC)
)
(/usr/local/texlive/2011/texmf-dist/tex/latex/tools/calc.sty
Package: calc 2007/08/22 v4.3 Infix arithmetic (KKT,FJ)
\calc@Acount=\count110
\calc@Bcount=\count111
\calc@Adimen=\dimen120
\calc@Bdimen=\dimen121
\calc@Askip=\skip55
\calc@Bskip=\skip56
LaTeX Info: Redefining \setlength on input line 76.
LaTeX Info: Redefining \addtolength on input line 77.
\calc@Ccount=\count112
\calc@Cskip=\skip57
)
(/usr/local/texlive/2011/texmf-dist/tex/latex/eso-pic/eso-pic.sty
Package: eso-pic 2010/10/06 v2.0c eso-pic (RN)

(/usr/local/texlive/2011/texmf-dist/tex/generic/oberdiek/atbegshi.sty
Package: atbegshi 2011/01/30 v1.15 At begin shipout hook (HO)

(/usr/local/texlive/2011/texmf-dist/tex/generic/oberdiek/ifpdf.sty
Package: ifpdf 2011/01/30 v2.3 Provides the ifpdf switch (HO)
Package ifpdf Info: pdfTeX in PDF mode is detected.
))
(/usr/local/texlive/2011/texmf-dist/tex/latex/xcolor/xcolor.sty
Package: xcolor 2007/01/21 v2.11 LaTeX color extensions (UK)

(/usr/local/texlive/2011/texmf-dist/tex/latex/latexconfig/color.cfg
File: color.cfg 2007/01/18 v1.5 color configuration of teTeX/TeXLive
)
Package xcolor Info: Driver file: pdftex.def on input line 225.
Package xcolor Info: Model `cmy' substituted by `cmy0' on input line 1337.
Package xcolor Info: Model `hsb' substituted by `rgb' on input line 1341.
Package xcolor Info: Model `RGB' extended on input line 1353.
Package xcolor Info: Model `HTML' substituted by `rgb' on input line 1355.
Package xcolor Info: Model `Hsb' substituted by `hsb' on input line 1356.
Package xcolor Info: Model `tHsb' substituted by `hsb' on input line 1357.
Package xcolor Info: Model `HSB' substituted by `hsb' on input line 1358.
Package xcolor Info: Model `Gray' substituted by `gray' on input line 1359.
Package xcolor Info: Model `wave' substituted by `hsb' on input line 1360.
))
(/usr/local/texlive/2011/texmf-dist/tex/latex/pdfpages/pppdftex.def
File: pppdftex.def 2011/03/10 v0.4n Pdfpages driver for pdfTeX (AM)
)
\AM@pagebox=\box30
\AM@toc@title=\toks21
\c@AM@survey=\count113
\AM@templatesizebox=\box31
)
(/usr/local/texlive/2011/texmf-dist/tex/latex/setspace/setspace.sty
Package: setspace 2000/12/01 6.7 Contributed and Supported LaTeX2e package

Package: `setspace' 6.7 <2000/12/01>
) (/usr/local/texlive/2011/texmf-dist/tex/latex/url/url.sty
\Urlmuskip=\muskip11
Package: url 2006/04/12  ver 3.3  Verb mode for urls, etc.
)
(/usr/local/texlive/2011/texmf-dist/tex/latex/listings/lstlang1.sty
File: lstlang1.sty 2004/09/05 1.3 listings language file
)
(/usr/local/texlive/2011/texmf-dist/tex/latex/listings/lstmisc.sty
File: lstmisc.sty 2007/02/22 1.4 (Carsten Heinz)
)
(/Projects/Cogito/documentation/Process Report/LaTeX/.texpadtmp/ProcessReport.a
ux

LaTeX Warning: Label `screen' multiply defined.

)
\openout1 = `ProcessReport.aux'.

LaTeX Font Info:    Checking defaults for OML/cmm/m/it on input line 64.
LaTeX Font Info:    ... okay on input line 64.
LaTeX Font Info:    Checking defaults for T1/cmr/m/n on input line 64.
LaTeX Font Info:    ... okay on input line 64.
LaTeX Font Info:    Checking defaults for OT1/cmr/m/n on input line 64.
LaTeX Font Info:    ... okay on input line 64.
LaTeX Font Info:    Checking defaults for OMS/cmsy/m/n on input line 64.
LaTeX Font Info:    ... okay on input line 64.
LaTeX Font Info:    Checking defaults for OMX/cmex/m/n on input line 64.
LaTeX Font Info:    ... okay on input line 64.
LaTeX Font Info:    Checking defaults for U/cmr/m/n on input line 64.
LaTeX Font Info:    ... okay on input line 64.
 (/usr/local/texlive/2011/texmf-dist/tex/context/base/supp-pdf.mkii
[Loading MPS to PDF converter (version 2006.09.02).]
\scratchcounter=\count114
\scratchdimen=\dimen122
\scratchbox=\box32
\nofMPsegments=\count115
\nofMParguments=\count116
\everyMPshowfont=\toks22
\MPscratchCnt=\count117
\MPscratchDim=\dimen123
\MPnumerator=\count118
\makeMPintoPDFobject=\count119
\everyMPtoPDFconversion=\toks23
) (/usr/local/texlive/2011/texmf-dist/tex/generic/oberdiek/pdftexcmds.sty
Package: pdftexcmds 2011/04/22 v0.16 Utilities of pdfTeX for LuaTeX (HO)

(/usr/local/texlive/2011/texmf-dist/tex/generic/oberdiek/ifluatex.sty
Package: ifluatex 2010/03/01 v1.3 Provides the ifluatex switch (HO)
Package ifluatex Info: LuaTeX not detected.
)
Package pdftexcmds Info: LuaTeX not detected.
Package pdftexcmds Info: \pdf@primitive is available.
Package pdftexcmds Info: \pdf@ifprimitive is available.
Package pdftexcmds Info: \pdfdraftmode found.
)
(/usr/local/texlive/2011/texmf-dist/tex/latex/oberdiek/epstopdf-base.sty
Package: epstopdf-base 2010/02/09 v2.5 Base part for package epstopdf

(/usr/local/texlive/2011/texmf-dist/tex/latex/oberdiek/grfext.sty
Package: grfext 2010/08/19 v1.1 Managing graphics extensions (HO)

(/usr/local/texlive/2011/texmf-dist/tex/generic/oberdiek/kvdefinekeys.sty
Package: kvdefinekeys 2011/04/07 v1.3 Defining keys (HO)
))
(/usr/local/texlive/2011/texmf-dist/tex/latex/oberdiek/kvoptions.sty
Package: kvoptions 2010/12/23 v3.10 Keyval support for LaTeX options (HO)

(/usr/local/texlive/2011/texmf-dist/tex/generic/oberdiek/kvsetkeys.sty
Package: kvsetkeys 2011/04/07 v1.13 Key value parser (HO)

(/usr/local/texlive/2011/texmf-dist/tex/generic/oberdiek/etexcmds.sty
Package: etexcmds 2011/02/16 v1.5 Prefix for e-TeX command names (HO)
Package etexcmds Info: Could not find \expanded.
(etexcmds)             That can mean that you are not using pdfTeX 1.50 or
(etexcmds)             that some package has redefined \expanded.
(etexcmds)             In the latter case, load this package earlier.
)))
Package grfext Info: Graphics extension search list:
(grfext)             [.png,.pdf,.jpg,.mps,.jpeg,.jbig2,.jb2,.PNG,.PDF,.JPG,.JPE
G,.JBIG2,.JB2,.eps]
(grfext)             \AppendGraphicsExtensions on input line 452.

(/usr/local/texlive/2011/texmf-dist/tex/latex/latexconfig/epstopdf-sys.cfg
File: epstopdf-sys.cfg 2010/07/13 v1.3 Configuration of (r)epstopdf for TeX Liv
e
))
\c@lstlisting=\count120
\AtBeginShipoutBox=\box33

<sources/images/cogito_logo_main.png, id=1, 1703.36375pt x 401.5pt>
File: sources/images/cogito_logo_main.png Graphic file (type png)

<use sources/images/cogito_logo_main.png>
Package pdftex.def Info: sources/images/cogito_logo_main.png used on input line
 72.
(pdftex.def)             Requested size: 341.43306pt x 80.47623pt.


LaTeX Font Warning: Font shape `OT1/cmr/bx/sc' undefined
(Font)              using `OT1/cmr/bx/n' instead on input line 79.

LaTeX Font Info:    Try loading font information for U+msa on input line 83.
(/usr/local/texlive/2011/texmf-dist/tex/latex/amsfonts/umsa.fd
File: umsa.fd 2009/06/22 v3.00 AMS symbols A
)
LaTeX Font Info:    Try loading font information for U+msb on input line 83.

(/usr/local/texlive/2011/texmf-dist/tex/latex/amsfonts/umsb.fd
File: umsb.fd 2009/06/22 v3.00 AMS symbols B
) [1

{/usr/local/texlive/2011/texmf-var/fonts/map/pdftex/updmap/pdftex.map} <./sourc
es/images/cogito_logo_main.png>]
(/Projects/Cogito/documentation/Process Report/LaTeX/.texpadtmp/ProcessReport.t
oc [1

])
\tf@toc=\write3
\openout3 = `ProcessReport.toc'.

 [2] [3] [1


]
<sources/images/lemmings3.png, id=27, 510.90875pt x 289.08pt>
File: sources/images/lemmings3.png Graphic file (type png)

<use sources/images/lemmings3.png>
Package pdftex.def Info: sources/images/lemmings3.png used on input line 148.
(pdftex.def)             Requested size: 284.52756pt x 160.98825pt.
Missing character: There is no â in font cmr10!
Missing character: There is no € in font cmr10!
Missing character: There is no ™ in font cmr10!
 [2 <./sources/images/lemmings3.png (PNG copy)>] [3] [4] [5

]
LaTeX Font Info:    Try loading font information for OMS+cmr on input line 197.

 (/usr/local/texlive/2011/texmf-dist/tex/latex/base/omscmr.fd
File: omscmr.fd 1999/05/25 v2.5h Standard LaTeX font definitions
)
LaTeX Font Info:    Font shape `OMS/cmr/m/n' in size <10> not available
(Font)              Font shape `OMS/cmsy/m/n' tried instead on input line 197.

[6] [7] [8] <sources/images/RLDiagram.png, id=52, 153.4533pt x 122.1363pt>
File: sources/images/RLDiagram.png Graphic file (type png)

<use sources/images/RLDiagram.png>
Package pdftex.def Info: sources/images/RLDiagram.png used on input line 253.
(pdftex.def)             Requested size: 199.16928pt x 158.53676pt.
 [9 <./sources/images/RLDiagram.png>]
[10] [11] [12]
Missing character: There is no â in font cmr10!
Missing character: There is no € in font cmr10!
Missing character: There is no ™ in font cmr10!
Missing character: There is no â in font cmr10!
Missing character: There is no € in font cmr10!
Missing character: There is no ™ in font cmr10!
 [13]
Missing character: There is no â in font cmr10!
Missing character: There is no € in font cmr10!
Missing character: There is no ™ in font cmr10!
 [14] [15]
<sources/images/TastyTree.png, id=86, 832.10875pt x 562.1pt>
File: sources/images/TastyTree.png Graphic file (type png)

<use sources/images/TastyTree.png>
Package pdftex.def Info: sources/images/TastyTree.png used on input line 431.
(pdftex.def)             Requested size: 227.62204pt x 153.75888pt.

<sources/images/TastyTable.png, id=87, 622.325pt x 269.005pt>
File: sources/images/TastyTable.png Graphic file (type png)

<use sources/images/TastyTable.png>
Package pdftex.def Info: sources/images/TastyTable.png used on input line 432.
(pdftex.def)             Requested size: 227.62204pt x 98.38918pt.
 [16 <./sources/images/TastyTree.png> <./sources/images/TastyTable.png>] [17] [
18] [19

]
<sources/images/InitialTests.png, id=100, 1987.425pt x 682.55pt>
File: sources/images/InitialTests.png Graphic file (type png)

<use sources/images/InitialTests.png>
Package pdftex.def Info: sources/images/InitialTests.png used on input line 476
.
(pdftex.def)             Requested size: 398.33858pt x 136.7992pt.
 [20 <./sources/images/InitialTests.png>]
[21] [22] [23]
<sources/images/cogito_logo1.png, id=115, 958.58125pt x 839.135pt>
File: sources/images/cogito_logo1.png Graphic file (type png)

<use sources/images/cogito_logo1.png>
Package pdftex.def Info: sources/images/cogito_logo1.png used on input line 524
.
(pdftex.def)             Requested size: 256.0748pt x 224.1623pt.

<sources/images/Screens.png, id=116, 481.8pt x 327.624pt>
File: sources/images/Screens.png Graphic file (type png)

<use sources/images/Screens.png>
Package pdftex.def Info: sources/images/Screens.png used on input line 534.
(pdftex.def)             Requested size: 398.33858pt x 270.87802pt.


LaTeX Warning: `!h' float specifier changed to `!ht'.

[24

 <./sources/images/cogito_logo1.png>]
<sources/images/LevelDesign.png, id=121, 271.7352pt x 154.176pt>
File: sources/images/LevelDesign.png Graphic file (type png)

<use sources/images/LevelDesign.png>
Package pdftex.def Info: sources/images/LevelDesign.png used on input line 542.

(pdftex.def)             Requested size: 341.43306pt x 193.73108pt.
 [25 <./sources/images/Screens.png> <./sources/images/LevelDesign.png>]
<sources/images/lemmings-walker-sprites.png, id=127, 513.92pt x 64.24pt>
File: sources/images/lemmings-walker-sprites.png Graphic file (type png)

<use sources/images/lemmings-walker-sprites.png>
Package pdftex.def Info: sources/images/lemmings-walker-sprites.png used on inp
ut line 552.
(pdftex.def)             Requested size: 227.62204pt x 28.4529pt.

<sources/images/Final.png, id=128, 278.9622pt x 82.3878pt>
File: sources/images/Final.png Graphic file (type png)

<use sources/images/Final.png>
Package pdftex.def Info: sources/images/Final.png used on input line 560.
(pdftex.def)             Requested size: 170.71652pt x 50.41989pt.

<sources/images/Lemming_walk_anim.png, id=129, 289.08pt x 72.27pt>
File: sources/images/Lemming_walk_anim.png Graphic file (type png)

<use sources/images/Lemming_walk_anim.png>
Package pdftex.def Info: sources/images/Lemming_walk_anim.png used on input lin
e 568.
(pdftex.def)             Requested size: 170.71652pt x 42.67862pt.
 [26 <./sources/images/lemmings-walker-sprites.png (PNG copy)> <./sources/image
s/Final.png> <./sources/images/Lemming_walk_anim.png>] [27

]
<sources/images/Layers.png, id=139, 693.34032pt x 442.65375pt>
File: sources/images/Layers.png Graphic file (type png)

<use sources/images/Layers.png>
Package pdftex.def Info: sources/images/Layers.png used on input line 642.
(pdftex.def)             Requested size: 369.88582pt x 236.1521pt.


LaTeX Warning: `!h' float specifier changed to `!ht'.

[28] <sources/images/Singletons.png, id=143, 587.94656pt x 261.97874pt>
File: sources/images/Singletons.png Graphic file (type png)

<use sources/images/Singletons.png>
Package pdftex.def Info: sources/images/Singletons.png used on input line 652.
(pdftex.def)             Requested size: 312.9803pt x 139.45969pt.

<sources/images/GameObjects.png, id=144, 822.07124pt x 573.64313pt>
File: sources/images/GameObjects.png Graphic file (type png)

<use sources/images/GameObjects.png>
Package pdftex.def Info: sources/images/GameObjects.png used on input line 662.

(pdftex.def)             Requested size: 398.33858pt x 277.96274pt.


LaTeX Warning: `!h' float specifier changed to `!ht'.

<sources/images/LemmingStatemachine.png, id=145, 641.39626pt x 546.54187pt>
File: sources/images/LemmingStatemachine.png Graphic file (type png)

<use sources/images/LemmingStatemachine.png>
Package pdftex.def Info: sources/images/LemmingStatemachine.png used on input l
ine 672.
(pdftex.def)             Requested size: 284.52756pt x 242.45563pt.
 [29 <./sources/images/Layers.png (PNG copy)> <./sources/images/Singletons.png 
(PNG copy)>] [30 <./sources/images/GameObjects.png (PNG copy)> <./sources/image
s/LemmingStatemachine.png (PNG copy)>] [31

] [32] <sources/images/Menu.png, id=158, 963.6pt x 642.4pt>
File: sources/images/Menu.png Graphic file (type png)

<use sources/images/Menu.png>
Package pdftex.def Info: sources/images/Menu.png used on input line 715.
(pdftex.def)             Requested size: 199.16928pt x 132.77109pt.

<sources/images/Stats.png, id=159, 963.6pt x 642.4pt>
File: sources/images/Stats.png Graphic file (type png)

<use sources/images/Stats.png>
Package pdftex.def Info: sources/images/Stats.png used on input line 721.
(pdftex.def)             Requested size: 199.16928pt x 132.77109pt.

<sources/images/Instructions.png, id=160, 963.6pt x 642.4pt>
File: sources/images/Instructions.png Graphic file (type png)

<use sources/images/Instructions.png>
Package pdftex.def Info: sources/images/Instructions.png used on input line 727
.
(pdftex.def)             Requested size: 199.16928pt x 132.77109pt.

<sources/images/About.png, id=161, 231.264pt x 154.176pt>
File: sources/images/About.png Graphic file (type png)

<use sources/images/About.png>
Package pdftex.def Info: sources/images/About.png used on input line 733.
(pdftex.def)             Requested size: 199.16928pt x 132.78636pt.


LaTeX Warning: `!h' float specifier changed to `!ht'.

<sources/images/NewGame.png, id=162, 963.6pt x 642.4pt>
File: sources/images/NewGame.png Graphic file (type png)

<use sources/images/NewGame.png>
Package pdftex.def Info: sources/images/NewGame.png used on input line 741.
(pdftex.def)             Requested size: 199.16928pt x 132.77109pt.
 [33 <./sources/images/Menu.png> <./sources/images/Stats.png> <./sources/images
/Instructions.png>]
<sources/images/DebugMode.png, id=170, 963.6pt x 642.4pt>
File: sources/images/DebugMode.png Graphic file (type png)

<use sources/images/DebugMode.png>
Package pdftex.def Info: sources/images/DebugMode.png used on input line 749.
(pdftex.def)             Requested size: 199.16928pt x 132.77109pt.
File: sources/images/DebugMode.png Graphic file (type png)
 <use sources/images/DebugMode.png>
Package pdftex.def Info: sources/images/DebugMode.png used on input line 755.
(pdftex.def)             Requested size: 199.16928pt x 132.77109pt.


LaTeX Warning: `!h' float specifier changed to `!ht'.

[34 <./sources/images/About.png> <./sources/images/NewGame.png> <./sources/imag
es/DebugMode.png>] [35]
LaTeX Font Info:    Font shape `OMS/cmr/m/it' in size <10> not available
(Font)              Font shape `OMS/cmsy/m/n' tried instead on input line 788.
 [36

] [37] [38

] [39]
File: sources/images/Lemming_walk_anim.png Graphic file (type png)

<use sources/images/Lemming_walk_anim.png>
Package pdftex.def Info: sources/images/Lemming_walk_anim.png used on input lin
e 865.
(pdftex.def)             Requested size: 170.71652pt x 42.67862pt.
 [40]
<sources/images/Texture_atlas.png, id=196, 1027.84pt x 513.92pt>
File: sources/images/Texture_atlas.png Graphic file (type png)

<use sources/images/Texture_atlas.png>
Package pdftex.def Info: sources/images/Texture_atlas.png used on input line 88
1.
(pdftex.def)             Requested size: 284.52756pt x 142.26552pt.
 [41 <./sources/images/Texture_atlas.png>] [42] [43] <sources/images/LevelNodes
.png, id=207, 980.66376pt x 340.27126pt>
File: sources/images/LevelNodes.png Graphic file (type png)

<use sources/images/LevelNodes.png>
Package pdftex.def Info: sources/images/LevelNodes.png used on input line 952.
(pdftex.def)             Requested size: 398.33858pt x 138.21408pt.

Overfull \hbox (57.66606pt too wide) in paragraph at lines 968--969
[][][][][][][][][][][][][][][][][] 
 []

[44

 <./sources/images/LevelNodes.png>] [45] [46] [47]
Overfull \hbox (21.6657pt too wide) in paragraph at lines 1082--1083
[][][][][][][][][][][][][][][][] 
 []


Overfull \hbox (51.666pt too wide) in paragraph at lines 1103--1104
[][][][][][][][][][][][][][][][][][][][][][][] 
 []


Overfull \hbox (3.66551pt too wide) in paragraph at lines 1105--1106
[][][][][][][][][][][][][][] 
 []


LaTeX Warning: `!h' float specifier changed to `!ht'.

[48] <sources/images/GraphSlide.png, id=226, 963.6pt x 642.4pt>
File: sources/images/GraphSlide.png Graphic file (type png)

<use sources/images/GraphSlide.png>
Package pdftex.def Info: sources/images/GraphSlide.png used on input line 1123.

(pdftex.def)             Requested size: 241.84842pt x 161.22694pt.
 [49]
<sources/images/InfiniteLoop.png, id=230, 481.8pt x 321.2pt>
File: sources/images/InfiniteLoop.png Graphic file (type png)

<use sources/images/InfiniteLoop.png>
Package pdftex.def Info: sources/images/InfiniteLoop.png used on input line 113
3.
(pdftex.def)             Requested size: 241.84842pt x 161.23184pt.
 [50 <./sources/images/GraphSlide.png> <./sources/images/InfiniteLoop.png (PNG 
copy)>] [51] [52

] [53

] [54] [55] [56]
[57] [58] [59] [60

] [61

]
(/Projects/Cogito/documentation/Process Report/LaTeX/.texpadtmp/ProcessReport.b
bl [62

]) [63]
(/Projects/Cogito/documentation/Process Report/LaTeX/.texpadtmp/ProcessReport.a
ux)

LaTeX Font Warning: Some font shapes were not available, defaults substituted.


LaTeX Warning: There were multiply-defined labels.

 )
(\end occurred inside a group at level 1)

### semi simple group (level 1) entered at line 56 (\begingroup)
### bottom level 
Here is how much of TeX's memory you used:
 5710 strings out of 493633
 81554 string characters out of 3143378
 192513 words of memory out of 3000000
 8874 multiletter control sequences out of 15000+200000
 11862 words of font info for 45 fonts, out of 3000000 for 9000
 831 hyphenation exceptions out of 8191
 38i,11n,49p,1812b,1865s stack positions out of 5000i,500n,10000p,200000b,50000s
</usr/local/texlive/2011/texmf-dist/fonts/type1/public/amsfonts
/cm/cmbx10.pfb></usr/local/texlive/2011/texmf-dist/fonts/type1/public/amsfonts/
cm/cmbx12.pfb></usr/local/texlive/2011/texmf-dist/fonts/type1/public/amsfonts/c
m/cmmi10.pfb></usr/local/texlive/2011/texmf-dist/fonts/type1/public/amsfonts/cm
/cmmi5.pfb></usr/local/texlive/2011/texmf-dist/fonts/type1/public/amsfonts/cm/c
mmi7.pfb></usr/local/texlive/2011/texmf-dist/fonts/type1/public/amsfonts/cm/cmm
i8.pfb></usr/local/texlive/2011/texmf-dist/fonts/type1/public/amsfonts/cm/cmr10
.pfb></usr/local/texlive/2011/texmf-dist/fonts/type1/public/amsfonts/cm/cmr12.p
fb></usr/local/texlive/2011/texmf-dist/fonts/type1/public/amsfonts/cm/cmr17.pfb
></usr/local/texlive/2011/texmf-dist/fonts/type1/public/amsfonts/cm/cmr5.pfb></
usr/local/texlive/2011/texmf-dist/fonts/type1/public/amsfonts/cm/cmr6.pfb></usr
/local/texlive/2011/texmf-dist/fonts/type1/public/amsfonts/cm/cmr7.pfb></usr/lo
cal/texlive/2011/texmf-dist/fonts/type1/public/amsfonts/cm/cmr8.pfb></usr/local
/texlive/2011/texmf-dist/fonts/type1/public/amsfonts/cm/cmsy10.pfb></usr/local/
texlive/2011/texmf-dist/fonts/type1/public/amsfonts/cm/cmsy7.pfb></usr/local/te
xlive/2011/texmf-dist/fonts/type1/public/amsfonts/cm/cmti10.pfb></usr/local/tex
live/2011/texmf-dist/fonts/type1/public/amsfonts/cm/cmti12.pfb></usr/local/texl
ive/2011/texmf-dist/fonts/type1/public/amsfonts/symbols/msbm10.pfb>
Output written on "/Projects/Cogito/documentation/Process Report/LaTeX/.texpadt
mp/ProcessReport.pdf" (67 pages, 2563627 bytes).
PDF statistics:
 337 PDF objects out of 1000 (max. 8388607)
 205 compressed objects within 3 object streams
 0 named destinations out of 1000 (max. 500000)
 131 words of extra memory for PDF output out of 10000 (max. 10000000)

